Arguments: 
  C:\Users\Uchenna\AppData\Roaming\npm\node_modules\node\bin\node.exe C:\Users\Uchenna\AppData\Roaming\npm\node_modules\yarn\bin\yarn.js install

PATH: 
  C:\Program Files\cmder\vendor\bin;C:\Program Files\cmder\vendor\git-for-windows\cmd;C:\Program Files\cmder\vendor\conemu-maximus5\ConEmu\Scripts;C:\Program Files\cmder\vendor\conemu-maximus5;C:\Program Files\ImageMagick-7.1.0-Q16-HDRI;C:\WINDOWS\system32;C:\WINDOWS;C:\WINDOWS\System32\Wbem;C:\WINDOWS\System32\WindowsPowerShell\v1.0\;C:\Program Files\Git\bin\;C:\xampp\php;C:\Program Files\dotnet\;C:\Program Files (x86)\GtkSharp\2.12\bin;C:\Program Files\cmder;C:\Program Files\Mono\bin;C:\GTK\bin;C:\Program Files\java-1.8.0-openjdk-1.8.0.265-3.b01.redhat.windows.x86_64\bin;C:\Program Files\adb;C:\Program Files\heroku\bin;C:\Program Files\Sublime Text;C:\Program Files (x86)\DB Browser for SQLite;C:\cygwin\bin;C:\curl\bin;C:\Program Files\Sublime Merge;C:\Program Files (x86)\Nmap;C:\Program Files (x86)\lua-5.3.6;C:\ProgramData\chocolatey\bin;C:\Program Files\7-Zip;C:\Users\Uchenna\AppData\Roaming\npm;C:\Users\Uchenna\AppData\Local\Yarn\bin;C:\Program Files\nodejs\;C:\Program Files (x86)\dotnet\;C:\Users\Uchenna\AppData\Local\Programs\Python\Python39\Scripts\;C:\Users\Uchenna\AppData\Local\Programs\Python\Python39\;C:\Program Files\cmder\vendor\conemu-maximus5\ConEmu\Scripts;C:\Program Files\cmder\vendor\conemu-maximus5\ConEmu;C:\WINDOWS\system32;C:\WINDOWS;C:\WINDOWS\System32\Wbem;C:\WINDOWS\System32\WindowsPowerShell\v1.0\;C:\Program Files\Git\bin\;C:\xampp\php;C:\Program Files\dotnet\;C:\Program Files (x86)\GtkSharp\2.12\bin;C:\Program Files\cmder;C:\Program Files\Mono\bin;C:\GTK\bin;C:\Program Files\java-1.8.0-openjdk-1.8.0.265-3.b01.redhat.windows.x86_64\bin;C:\Program Files\adb;C:\Program Files\heroku\binC:\Program Files (x86)\DB Browser for SQLite;C:\cygwin\bin;C:\curl\bin;C:\Program Files\Sublime Merge;C:\Program Files (x86)\Nmap;C:\WINDOWS\system32;C:\WINDOWS;C:\WINDOWS\System32\Wbem;C:\WINDOWS\System32\WindowsPowerShell\v1.0\;C:\Program Files\Git\bin\;C:\Users\Uchenna\AppData\Local\atom\bin;C:\Users\Uchenna\AppData\Local\Programs\oh-my-posh\bin;C:\Users\Uchenna\AppData\Local\Yarn\bin;C:\Users\Uchenna\AppData\Roaming\npm;C:\Program Files\cmder\vendor\git-for-windows\mingw64\bin;C:\Program Files\cmder\vendor\git-for-windows\usr\bin

Yarn version: 
  1.22.18

Node version: 
  17.7.2

Platform: 
  win32 x64

Trace: 
  Error: https://registry.yarnpkg.com/@fortawesome/free-solid-svg-icons/-/free-solid-svg-icons-6.1.1.tgz: ESOCKETTIMEDOUT
      at ClientRequest.<anonymous> (C:\Users\Uchenna\AppData\Roaming\npm\node_modules\yarn\lib\cli.js:141510:19)
      at Object.onceWrapper (node:events:641:28)
      at ClientRequest.emit (node:events:527:28)
      at TLSSocket.emitRequestTimeout (node:_http_client:758:9)
      at Object.onceWrapper (node:events:641:28)
      at TLSSocket.emit (node:events:539:35)
      at TLSSocket.Socket._onTimeout (node:net:516:8)
      at listOnTimeout (node:internal/timers:559:17)
      at processTimers (node:internal/timers:502:7)

npm manifest: 
  {
    "name": "bornomala",
    "version": "1.0.0",
    "main": "node_modules/expo/AppEntry.js",
    "scripts": {
      "start": "expo start",
      "android": "expo start --android",
      "ios": "expo start --ios",
      "web": "expo start --web",
      "eject": "expo eject"
    },
    "dependencies": {
      "@fortawesome/fontawesome-svg-core": "^6.1.1",
      "@fortawesome/free-solid-svg-icons": "^6.1.1",
      "@fortawesome/react-fontawesome": "^0.1.18",
      "@freakycoder/react-native-helpers": "^1.0.2",
      "@react-navigation/bottom-tabs": "^6.3.1",
      "@react-navigation/native": "^6.0.10",
      "@react-navigation/native-stack": "^6.6.2",
      "@react-navigation/stack": "^6.2.1",
      "expo": "~45.0.0",
      "expo-status-bar": "~1.3.0",
      "font-awesome": "^4.7.0",
      "react": "17.0.2",
      "react-dom": "17.0.2",
      "react-native": "0.68.2",
      "react-native-androw": "^0.0.34",
      "react-native-circular-card-view": "^0.1.2",
      "react-native-dynamic-vector-icons": "^1.1.6",
      "react-native-elements": "^3.4.2",
      "react-native-flatlist-slider": "^1.0.6",
      "react-native-gesture-handler": "^2.4.2",
      "react-native-material-ripple": "^0.9.1",
      "react-native-safe-area-context": "4.2.4",
      "react-native-screens": "~3.11.1",
      "react-native-slideshow": "^1.0.1",
      "react-native-snap-carousel": "^4.0.0-beta.6",
      "react-native-super-grid": "^4.4.0",
      "react-native-swipe-render": "^3.1.1",
      "react-native-swiper-flatlist": "^3.0.16",
      "react-native-vector-icons": "^9.1.0",
      "react-native-web": "0.17.7",
      "react-native-web-swiper": "^2.2.3"
    },
    "devDependencies": {
      "@babel/core": "^7.12.9"
    },
    "private": true
  }

yarn manifest: 
  No manifest

Lockfile: 
  No lockfile
